<!DOCTYPE html>
<html class="writer-html5" lang="en" >
<head>
    <meta charset="utf-8" />
    <meta http-equiv="X-UA-Compatible" content="IE=edge" />
    <meta name="viewport" content="width=device-width, initial-scale=1.0" /><meta name="author" content="PG-Strom Development Team" />
      <link rel="shortcut icon" href="../img/favicon.ico" />
    <title>GPUソート - PG-Strom Manual</title>
    <link rel="stylesheet" href="../css/theme.css" />
    <link rel="stylesheet" href="../css/theme_extra.css" />
        <link rel="stylesheet" href="https://cdnjs.cloudflare.com/ajax/libs/highlight.js/11.8.0/styles/github.min.css" />
        <link href="//fonts.googleapis.com/earlyaccess/notosansjp.css" rel="stylesheet" />
        <link href="//fonts.googleapis.com/css?family=Open+Sans:600,800" rel="stylesheet" />
        <link href="../custom.css" rel="stylesheet" />
    
      <script>
        // Current page data
        var mkdocs_page_name = "GPU\u30bd\u30fc\u30c8";
        var mkdocs_page_input_path = "gpusort.md";
        var mkdocs_page_url = null;
      </script>
    
    <!--[if lt IE 9]>
      <script src="../js/html5shiv.min.js"></script>
    <![endif]-->
      <script src="https://cdnjs.cloudflare.com/ajax/libs/highlight.js/11.8.0/highlight.min.js"></script>
      <script>hljs.highlightAll();</script> 
</head>

<body class="wy-body-for-nav" role="document">

  <div class="wy-grid-for-nav">
    <nav data-toggle="wy-nav-shift" class="wy-nav-side stickynav">
    <div class="wy-side-scroll">
      <div class="wy-side-nav-search">
          <a href=".." class="icon icon-home"> PG-Strom Manual
        </a><div role="search">
  <form id ="rtd-search-form" class="wy-form" action="../search.html" method="get">
    <input type="text" name="q" placeholder="Search docs" />
  </form>
  [<strong>Japanese</strong> | <a href="../../gpusort/"    style="color: #cccccc">English</a>]
</div>
      </div>

      <div class="wy-menu wy-menu-vertical" data-spy="affix" role="navigation" aria-label="Navigation menu">
              <ul>
                <li class="toctree-l1"><a class="reference internal" href="..">はじめに</a>
                </li>
              </ul>
              <ul>
                <li class="toctree-l1"><a class="reference internal" href="../install/">インストール</a>
                </li>
              </ul>
              <p class="caption"><span class="caption-text">利用ガイド</span></p>
              <ul class="current">
                  <li class="toctree-l1"><a class="reference internal" href="../operations/">基本的な操作</a>
                  </li>
                  <li class="toctree-l1"><a class="reference internal" href="../brin/">BRINインデックス</a>
                  </li>
                  <li class="toctree-l1"><a class="reference internal" href="../partition/">パーティション</a>
                  </li>
                  <li class="toctree-l1"><a class="reference internal" href="../postgis/">GPU版PostGIS</a>
                  </li>
                  <li class="toctree-l1 current"><a class="reference internal current" href="#">GPUソート</a>
    <ul class="current">
    <li class="toctree-l2"><a class="reference internal" href="#gpu">GPUタスクの実行方式</a>
    </li>
    <li class="toctree-l2"><a class="reference internal" href="#gpu-sort_1">GPU-Sortの有効化</a>
    </li>
    <li class="toctree-l2"><a class="reference internal" href="#gpu-sort_2">GPU-Sortによる行数削減</a>
    </li>
    </ul>
                  </li>
                  <li class="toctree-l1"><a class="reference internal" href="../troubles/">トラブルシューティング</a>
                  </li>
              </ul>
              <p class="caption"><span class="caption-text">先進機能</span></p>
              <ul>
                  <li class="toctree-l1"><a class="reference internal" href="../ssd2gpu/">GPUダイレクトSQL</a>
                  </li>
                  <li class="toctree-l1"><a class="reference internal" href="../arrow_fdw/">Apache Arrow</a>
                  </li>
                  <li class="toctree-l1"><a class="reference internal" href="../gpucache/">GPUキャッシュ</a>
                  </li>
                  <li class="toctree-l1"><a class="reference internal" href="../pinned_buffer/">Pinned Inner Buffer</a>
                  </li>
                  <li class="toctree-l1"><a class="reference internal" href="../fluentd/">Fluentd連携</a>
                  </li>
              </ul>
              <p class="caption"><span class="caption-text">リファレンス</span></p>
              <ul>
                  <li class="toctree-l1"><a class="reference internal" href="../ref_types/">データ型</a>
                  </li>
                  <li class="toctree-l1"><a class="reference internal" href="../ref_devfuncs/">関数と演算子</a>
                  </li>
                  <li class="toctree-l1"><a class="reference internal" href="../ref_sqlfuncs/">SQLオブジェクト</a>
                  </li>
                  <li class="toctree-l1"><a class="reference internal" href="../ref_params/">GUCパラメータ</a>
                  </li>
              </ul>
              <p class="caption"><span class="caption-text">リリースノート</span></p>
              <ul>
                  <li class="toctree-l1"><a class="reference internal" href="../release_v6.0/">PG-Strom v6.0</a>
                  </li>
                  <li class="toctree-l1"><a class="reference internal" href="../release_v5.2/">PG-Strom v5.2</a>
                  </li>
                  <li class="toctree-l1"><a class="reference internal" href="../release_v5.1/">PG-Strom v5.1</a>
                  </li>
                  <li class="toctree-l1"><a class="reference internal" href="../release_v5.0/">PG-Strom v5.0</a>
                  </li>
                  <li class="toctree-l1"><a class="reference internal" href="../release_v3.0/">PG-Strom v3.0</a>
                  </li>
                  <li class="toctree-l1"><a class="reference internal" href="../release_v2.3/">PG-Strom v2.3</a>
                  </li>
                  <li class="toctree-l1"><a class="reference internal" href="../release_v2.2/">PG-Strom v2.2</a>
                  </li>
                  <li class="toctree-l1"><a class="reference internal" href="../release_v2.0/">PG-Strom v2.0</a>
                  </li>
              </ul>
      </div>
    </div>
    </nav>

    <section data-toggle="wy-nav-shift" class="wy-nav-content-wrap">
      <nav class="wy-nav-top" role="navigation" aria-label="Mobile navigation menu">
          <i data-toggle="wy-nav-top" class="fa fa-bars"></i>
          <a href="..">PG-Strom Manual</a>
        
      </nav>
      <div class="wy-nav-content">
        <div class="rst-content"><div role="navigation" aria-label="breadcrumbs navigation">
  <ul class="wy-breadcrumbs">
    <li><a href=".." class="icon icon-home" aria-label="Docs"></a></li>
          <li class="breadcrumb-item">利用ガイド</li>
      <li class="breadcrumb-item active">GPUソート</li>
    <li class="wy-breadcrumbs-aside">
    </li>
  </ul>
  <hr/>
</div>
          <div role="main" class="document" itemscope="itemscope" itemtype="http://schema.org/Article">
            <div class="section" itemprop="articleBody">
              
                <h1 id="gpu-sort">GPU-Sort</h1>
<p>本章ではGPU-Sortおよび関連機能について説明します。</p>
<h2 id="gpu">GPUタスクの実行方式</h2>
<p>GPU-Sortを利用できる条件を説明するには、前提知識として、まずPG-StromがどのようにSQLワークロードを処理しているのかを知る必要があります。</p>
<p>PG-StromのワークロードのうちGPU-ScanおよびGPU-Joinは、処理の対象となるテーブルを読み出す際、おおよそ64MBのチャンクに区切ってストレージからGPUへデータを読み出し、GPUでWHERE句やJOIN条件を評価してその処理結果をCPUへ書き戻します。</p>
<p>この時、Scan/Join処理に用いたGPUメモリは解放され、次の64MBのチャンクを処理するために再利用されます。通常、ストレージからのデータの読み出しや、GPUでのScan/Join処理、CPUへの書き戻しは並行して多重に実行されますが、それでもGPUメモリを次々に開放して再利用するため、PG-Stromが利用するGPUメモリはそれほど多くなりません。</p>
<p><img alt="PG-Strom execution mode" src="../img/pgstrom_execution_mode.png" /></p>
<p>一方、GPU-PreAggの場合は異なります。ワークロードの性質上、GPU上に集計処理の結果を溜め込み（Dam execution）、最後にそれをまとめてCPUへ書き戻します。そのため、GPU-PreAggが実行完了した段階でGPUメモリ上にはほぼ全てのデータが載っている事になります。</p>
<p>ソートという処理の特性上、GPU-Sortを実行するには並び替えるデータが全てGPUにロードされていなければなりません。
つまり、集約演算を伴わないGPU-ScanやGPU-Joinのみを下位ノードとして持つGPU-Sortの場合は、GPU-PreAggのように実行結果をいったんGPUメモリ上に溜めこむ必要があります。これは<a href="../pinned_buffer/">GpuJoinにおけるInner Pinned Buffer</a>で用いている実行方式と同一で、GPU-Scan/Joinの処理結果を次ステップで使用する場合、これをCPUに戻すのではなくGPUメモリ上に留置します。</p>
<h2 id="gpu-sort_1">GPU-Sortの有効化</h2>
<p>ソート処理はその性質上、対象となるデータが全てGPUメモリに載っている必要があります。</p>
<p>したがって、ソートすべきデータがGPUメモリに留置する事のできる大きさである事が大前提ですが、もう一つ考慮すべき点が有ります。</p>
<p>PG-Stromにおける各種GPU処理は、演算子やSQL関数の処理をGPU上で完遂できない場合に、CPUでこれを再実行するCPU-Fallbackという機構を持っています。典型的には、可変長データがPostgreSQLのブロックサイズ(8kB)に収まらず外部のTOASTテーブルに格納されている場合です。 CPU-Fallbackは極めて例外的なデータに対しても処理の継続性を担保するための機能ですが、CPU-Fallbackの対象となった行はCPUで保持されるためGPUメモリ上には存在せず、よってソート処理を行う場合に障害となります。</p>
<p>そのため、GPU-Sort機能はCPU-Fallback機能が無効である時、つまり<code>pg_strom.cpu_fallback=off</code>である時にのみ作動します。</p>
<p><img alt="GPU-Sort with Window-Functions" src="../img/window_functions.png" /></p>
<p>CPU-Fallbackが無効であれば、GPU-Scan/Join/PreAggの完全な処理結果がGPUメモリ上に存在する事が保証されていますので、PG-StromはBitonic-Sortingアルゴリズムに基づく並列ソートを実行し、ソート済みの結果をCPUに返す事ができます。
また、LIMIT句や<code>rank() &lt; 4</code>のように行数を制限するWindow関数と共に使用された場合、これらの最適化ヒントに基づいてCPUに返却するデータ件数を削減します。これはCPUの処理すべきデータ件数を削減するという形で高速化に寄与するはずです。</p>
<p>以下の実行計画は、GPU-Sortを有効化しない状態でWindow関数（<code>rank() &lt; 4</code>）による件数の絞り込みを行ったものです。</p>
<pre><code>=# explain analyze
   select * from (
       select c_region, c_nation, c_city, lo_orderdate, sum(lo_revenue) lo_rev,
              rank() over(partition by c_region, c_nation, c_city
                          order by sum(lo_revenue)) cnt
         from lineorder, customer
        where lo_custkey = c_custkey
          and lo_shipmode in ('RAIL','SHIP')
         group by c_region, c_nation, c_city, lo_orderdate
   ) subqry
   where cnt &lt; 4;
                                                                             QUERY PLAN
--------------------------------------------------------------------------------------------------------------------------------------------------------------------
 WindowAgg  (cost=32013352.01..33893039.51 rows=75187500 width=84) (actual time=13158.987..13335.106 rows=750 loops=1)
   Run Condition: (rank() OVER (?) &lt; 4)
   -&gt;  Sort  (cost=32013352.01..32201320.76 rows=75187500 width=76) (actual time=13158.976..13238.136 rows=601500 loops=1)
         Sort Key: customer.c_region, customer.c_nation, customer.c_city, (pgstrom.sum_numeric((pgstrom.psum(lineorder.lo_revenue))))
         Sort Method: quicksort  Memory: 76268kB
         -&gt;  HashAggregate  (cost=15987574.35..18836475.71 rows=75187500 width=76) (actual time=9990.801..10271.543 rows=601500 loops=1)
               Group Key: customer.c_region, customer.c_nation, customer.c_city, lineorder.lo_orderdate
               Planned Partitions: 8  Batches: 1  Memory Usage: 516113kB
               -&gt;  Custom Scan (GpuPreAgg) on lineorder  (cost=4967906.38..5907750.13 rows=75187500 width=76) (actual time=9175.476..9352.529 rows=1203000 loops=1)
                     GPU Projection: pgstrom.psum(lo_revenue), c_region, c_nation, c_city, lo_orderdate
                     GPU Scan Quals: (lo_shipmode = ANY ('{RAIL,SHIP}'::bpchar[])) [plan: 600046000 -&gt; 171773200, exec: 1311339 -&gt; 362780]
                     GPU Join Quals [1]: (lo_custkey = c_custkey) [plan: 171773200 -&gt; 171773200, exec: 362780 -&gt; 322560
                     GPU Outer Hash [1]: lo_custkey
                     GPU Inner Hash [1]: c_custkey
                     GPU Group Key: c_region, c_nation, c_city, lo_orderdate
                     Scan-Engine: GPU-Direct with 2 GPUs &lt;0,1&gt;; direct=11395910, ntuples=1311339
                     -&gt;  Seq Scan on customer  (cost=0.00..81963.11 rows=3000011 width=46) (actual time=0.008..519.064 rows=3000000 loops=1)
 Planning Time: 1.395 ms
 Execution Time: 13494.808 ms
(19 rows)
</code></pre>
<p>GPU-PreAggの後、部分集計結果を集約するHashAggregate、そして集計値をソートするSortが実行され、最後に各<code>c_region</code>, <code>c_nation</code>, <code>c_city</code>毎に<code>sum(lo_revenue)</code>上位3件に絞り込むためのWindowAggが実行されています。
GPU-PreAggの処理時間は9.352秒ですので、概ね4秒ほどが後半のCPUで処理されていることが分かります。</p>
<p>一方、以下の実行計画は<code>pg_strom.cpu_fallback=off</code>を設定してCPU-Fallbackを無効化（つまりGPU-Sortを有効化）したものです。</p>
<pre><code>=# set pg_strom.cpu_fallback = off;
SET
=# explain analyze
   select * from (
       select c_region, c_nation, c_city, lo_orderdate, sum(lo_revenue) lo_rev,
              rank() over(partition by c_region, c_nation, c_city
                          order by sum(lo_revenue)) cnt
         from lineorder, customer
        where lo_custkey = c_custkey
          and lo_shipmode in ('RAIL','SHIP')
         group by c_region, c_nation, c_city, lo_orderdate
   ) subqry
   where cnt &lt; 4;
                                                                       QUERY PLAN
--------------------------------------------------------------------------------------------------------------------------------------------------------
 WindowAgg  (cost=5595978.47..5602228.47 rows=125000 width=84) (actual time=9596.930..9598.194 rows=750 loops=1)
   Run Condition: (rank() OVER (?) &lt; 4)
   -&gt;  Result  (cost=5595978.47..5599415.97 rows=125000 width=76) (actual time=9596.918..9597.292 rows=750 loops=1)
         -&gt;  Custom Scan (GpuPreAgg) on lineorder  (cost=5595978.47..5597540.97 rows=125000 width=76) (actual time=9596.912..9597.061 rows=750 loops=1)
               GPU Projection: pgstrom.psum(lo_revenue), c_region, c_nation, c_city, lo_orderdate
               GPU Scan Quals: (lo_shipmode = ANY ('{RAIL,SHIP}'::bpchar[])) [plan: 600046000 -&gt; 171773200, exec: 1311339 -&gt; 362780]
               GPU Join Quals [1]: (lo_custkey = c_custkey) [plan: 171773200 -&gt; 171773200, exec: 362780 -&gt; 322560
               GPU Outer Hash [1]: lo_custkey
               GPU Inner Hash [1]: c_custkey
               GPU Group Key: c_region, c_nation, c_city, lo_orderdate
               Scan-Engine: GPU-Direct with 2 GPUs &lt;0,1&gt;; direct=11395910, ntuples=1311339
               GPU-Sort keys: c_region, c_nation, c_city, pgstrom.fsum_numeric((pgstrom.psum(lo_revenue)))
               Window-Rank Filter: rank() over(PARTITION BY c_region, c_nation, c_city ORDER BY pgstrom.fsum_numeric((pgstrom.psum(lo_revenue)))) &lt; 4
               -&gt;  Seq Scan on customer  (cost=0.00..81963.11 rows=3000011 width=46) (actual time=0.006..475.006 rows=3000000 loops=1)
 Planning Time: 0.381 ms
 Execution Time: 9710.616 ms
(16 rows)
</code></pre>
<p>元の実行計画に存在した<code>HashAggregate</code>および<code>Sort</code>が無くなり、代わりに<code>GpuPreAgg</code>のオプションとして<code>GPU-Sort keys</code>や<code>Window-Rank Filter</code>という行が出現しています。
これは、<code>GpuPreAgg</code>が完全な集約をGPU上で作成し、更にそれをソートして出力する事を示しています。
さらにこのクエリの場合、Window関数である<code>rank()</code>による絞り込みが行われています。この条件を下位ノードである<code>GpuPreAgg</code>にプッシュダウンする事で、予めフィルタされる事が分かっている行を結果セットから除去し、GPU-&gt;CPUへのデータ転送量と、CPUがコピーすべき行数を削減しています。これらの処理はGPUメモリ上で並列に処理されるため、一般的にはCPUが処理するより高速です。</p>
<h2 id="gpu-sort_2">GPU-Sortによる行数削減</h2>
<p>GPU-Sortが発動するにはいくつかの条件が必要です。
前節で説明した通り、まずCPU-Fallbackが無効化されている事が大前提です。</p>
<p>オプティマイザがGPU-Sortを挿入するのは以下のような場合です。</p>
<ul>
<li>ORDER BY句などで、上位ノードがソート済み結果を要求している。</li>
<li>Window関数が使用されており、上位ノードがソート済み結果を要求している。</li>
</ul>
<p>これらのワークロードに対して、PG-StromはGPU-Sort付きのGPU-PreAgg/Join/Scanの実行計画を生成します。</p>
<p>加えて、以下のような場合には、GPU上でソート処理まで完結してしまう事によって、副次的にGPUからCPUに返却する行数を削減する事が可能です。
- ORDER BYにLIMIT句が付加されており、最大で何件の行を出力すればよいか事前に分かっている場合。
- Window関数<code>rank()</code>などを用いて、各パーティションの上位何件を出力すればよいか事前に分かっている場合。</p>
<p>以下の実行計画は、いくつかのテーブルを結合して集計演算を実施し、その結果を<code>d_year</code>、<code>revenue</code>順に並び替えた上で上位10件を出力するというものです。</p>
<pre><code>=# set pg_strom.cpu_fallback = off;
SET
=# explain
    select c_nation, s_nation, d_year, sum(lo_revenue) as revenue
      from customer, lineorder, supplier, date1
     where lo_custkey = c_custkey
       and lo_suppkey = s_suppkey
       and lo_orderdate = d_datekey
       and c_region = 'ASIA'  and s_region = 'ASIA'
       and d_year &gt;= 1992 and d_year &lt;= 1997
     group by c_nation, s_nation, d_year
     order by d_year, revenue
     limit 10;
                                                                           QUERY PLAN
----------------------------------------------------------------------------------------------------------------------------------------------------------------
 Gather  (cost=19266896.24..19266897.46 rows=10 width=68) (actual time=44024.638..44056.484 rows=10 loops=1)
   Workers Planned: 2
   Workers Launched: 2
   -&gt;  Result  (cost=19265896.24..19265896.46 rows=10 width=68) (actual time=44016.179..44016.185 rows=3 loops=3)
         -&gt;  Parallel Custom Scan (GpuPreAgg) on lineorder  (cost=19265896.24..19265896.31 rows=10 width=68) (actual time=44016.177..44016.181 rows=3 loops=3)
               GPU Projection: pgstrom.psum(lo_revenue), c_nation, s_nation, d_year
               GPU Join Quals [1]: (s_suppkey = lo_suppkey) [plan: 2500011000 -&gt; 494752100, exec: 0 -&gt; 0
               GPU Outer Hash [1]: lo_suppkey
               GPU Inner Hash [1]: s_suppkey
               GPU Join Quals [2]: (c_custkey = lo_custkey) [plan: 494752100 -&gt; 97977410, exec: 0 -&gt; 0
               GPU Outer Hash [2]: lo_custkey
               GPU Inner Hash [2]: c_custkey
               GPU Join Quals [3]: (d_datekey = lo_orderdate) [plan: 97977410 -&gt; 84024450, exec: 0 -&gt; 0
               GPU Outer Hash [3]: lo_orderdate
               GPU Inner Hash [3]: d_datekey
               GPU Group Key: c_nation, s_nation, d_year
               Scan-Engine: GPU-Direct with 2 GPUs &lt;0,1&gt;; direct=114826068, ntuples=0
               GPU-Sort keys: d_year, pgstrom.fsum_numeric((pgstrom.psum(lo_revenue)))
               GPU-Sort Limit: 10
               -&gt;  Parallel Custom Scan (GpuScan) on supplier  (cost=100.00..78805.87 rows=824560 width=22) (actual time=16.090..104.527 rows=666540 loops=3)
                     GPU Projection: s_nation, s_suppkey
                     GPU Scan Quals: (s_region = 'ASIA'::bpchar) [plan: 9999718 -&gt; 824560, exec: 10000000 -&gt; 1999620]
                     Scan-Engine: GPU-Direct with 2 GPUs &lt;0,1&gt;; direct=168663, ntuples=10000000
               -&gt;  Parallel Custom Scan (GpuScan) on customer  (cost=100.00..79517.76 rows=2475728 width=22) (actual time=14.848..226.354 rows=2000770 loops=3)
                     GPU Projection: c_nation, c_custkey
                     GPU Scan Quals: (c_region = 'ASIA'::bpchar) [plan: 30003780 -&gt; 2475728, exec: 30000000 -&gt; 6002311]
                     Scan-Engine: GPU-Direct with 2 GPUs &lt;0,1&gt;; direct=519628, ntuples=30000000
               -&gt;  Parallel Seq Scan on date1  (cost=0.00..69.55 rows=1289 width=8) (actual time=0.009..0.132 rows=731 loops=3)
                     Filter: ((d_year &gt;= 1992) AND (d_year &lt;= 1997))
                     Rows Removed by Filter: 121
 Planning Time: 0.786 ms
 Execution Time: 44093.114 ms
(32 rows)
</code></pre>
<p>GPU-Sortがない場合、GPU-PreAggは4375件の部分集計結果を生成し、それをHashAggregateで統合した後、Sortで並び替えてLimitで上位10件だけを出力するという流れになっています。
問題のスケールによっては、PostgreSQLの並列ワーカー毎に部分ソート結果を生成し、それをマージソートするという戦略が採られる事があるかもしれません。いずれにせよ、件数の増加に伴ってCPU負荷の大きなソート処理は厄介な問題となってきます。</p>
<p>しかし、ソート結果の上位10件だけが出力されるという事が予め分かっていれば、4365件のデータはそもそもCPUに返す必要のないものです。
このクエリ実行計画には、CPUでのSortもHashAggregateも含まれていません。
代わりに、GPU-PreAggの後処理として<code>GPU-Sort keys</code>行に表示されているキー値を元に処理結果を並び替えるほか、<code>GPU-Sort Limit</code>行に表示された10行だけを返します。そしてCPU側で<code>Sort</code>や<code>Limit</code>を挟むことなく、GPUの処理結果を即座にクライアントに返却するだけという実行計画となっているのです。</p>
<p>LIMIT句のほかに行数を削減するヒントとして利用できるのはWindow関数ですが、現状、以下のような条件式をヒントとして利用する事ができます。</p>
<ul>
<li><code>rank() OVER(...) &lt; CONST</code></li>
<li><code>rank() OVER(...) &lt;= CONST</code></li>
<li><code>dense_rank() OVER(...) &lt; CONST</code></li>
<li><code>dense_rank() OVER(...) &lt;= CONST</code></li>
<li><code>row_number() OVER(...) &lt; CONST</code></li>
<li><code>row_number() OVER(...) &lt;= CONST</code></li>
</ul>
<p>なお、CPU-Fallbackは無効にしたいが、GPU-Sortは使いたくはないという場合は、<code>pg_strom.enable_gpusort = [on|off]</code>でGPU-Sortの機能だけを有効化/無効化する事も可能です。</p>
              
            </div>
          </div><footer>
    <div class="rst-footer-buttons" role="navigation" aria-label="Footer Navigation">
        <a href="../postgis/" class="btn btn-neutral float-left" title="GPU版PostGIS"><span class="icon icon-circle-arrow-left"></span> Previous</a>
        <a href="../troubles/" class="btn btn-neutral float-right" title="トラブルシューティング">Next <span class="icon icon-circle-arrow-right"></span></a>
    </div>

  <hr/>

  <div role="contentinfo">
    <!-- Copyright etc -->
  </div>

  Built with <a href="https://www.mkdocs.org/">MkDocs</a> using a <a href="https://github.com/readthedocs/sphinx_rtd_theme">theme</a> provided by <a href="https://readthedocs.org">Read the Docs</a>.
</footer>
          
        </div>
      </div>

    </section>

  </div>

  <div class="rst-versions" role="note" aria-label="Versions">
  <span class="rst-current-version" data-toggle="rst-current-version">
    
    
      <span><a href="../postgis/" style="color: #fcfcfc">&laquo; Previous</a></span>
    
    
      <span><a href="../troubles/" style="color: #fcfcfc">Next &raquo;</a></span>
    
  </span>
</div>
    <script src="../js/jquery-3.6.0.min.js"></script>
    <script>var base_url = "..";</script>
    <script src="../js/theme_extra.js"></script>
    <script src="../js/theme.js"></script>
      <script src="../search/main.js"></script>
    <script>
        jQuery(function () {
            SphinxRtdTheme.Navigation.enable(true);
        });
    </script>

</body>
</html>
